<?xml version="1.0" encoding="UTF-8"?>
<testng-results skipped="0" failed="0" ignored="0" total="1" passed="1">
  <reporter-output>
  </reporter-output>
  <suite name="Suite" duration-ms="6927" started-at="2019-09-27T08:20:33Z" finished-at="2019-09-27T08:20:40Z">
    <groups>
    </groups>
    <test name="Test" duration-ms="6927" started-at="2019-09-27T08:20:33Z" finished-at="2019-09-27T08:20:40Z">
      <class name="NewTest">
        <test-method status="PASS" signature="test1()[pri:0, instance:NewTest@7a5d012c]" name="test1" duration-ms="6859" started-at="2019-09-27T08:20:33Z" finished-at="2019-09-27T08:20:40Z">
          <reporter-output>
          </reporter-output>
        </test-method> <!-- test1 -->
      </class> <!-- NewTest -->
    </test> <!-- Test -->
  </suite> <!-- Suite -->
</testng-results>
